<?xml version="1.0" encoding="UTF-8"?>
<!-- Generated by org.testng.reporters.JUnitReportReporter -->
<testsuite hostname="ENINDSPRM060" failures="0" tests="1" name="com.ErosNow.testCases.LetsStart" time="25.800" errors="0" timestamp="2023-10-04T21:31:02 IST" skipped="0">
  <testcase classname="com.ErosNow.testCases.LetsStart" name="loginTest" time="25.800"/>
  <system-out/>
</testsuite> <!-- com.ErosNow.testCases.LetsStart -->
