<?xml version="1.0" encoding="UTF-8"?>
<!-- Generated by org.testng.reporters.JUnitReportReporter -->
<testsuite hostname="ENINDSPRM060" failures="0" tests="1" name="com.ErosNow.testCases.LetsStart" time="18.521" errors="0" timestamp="2023-10-07T19:43:08 IST" skipped="0">
  <testcase classname="com.ErosNow.testCases.LetsStart" name="loginTest" time="18.521"/>
  <system-out/>
</testsuite> <!-- com.ErosNow.testCases.LetsStart -->
