<?xml version="1.0" encoding="UTF-8"?>
<!-- Generated by org.testng.reporters.JUnitReportReporter -->
<testsuite hostname="DESKTOP-0TUL6RB" failures="0" tests="1" name="com.framework.testCases.TC_LoginTest_001" time="1.766" errors="0" timestamp="2023-06-19T14:34:13 IST" skipped="0">
  <testcase classname="com.framework.testCases.TC_LoginTest_001" name="loginTest" time="1.766"/>
  <system-out/>
</testsuite> <!-- com.framework.testCases.TC_LoginTest_001 -->
