<?xml version="1.0" encoding="UTF-8"?>
<!-- Generated by org.testng.reporters.JUnitReportReporter -->
<testsuite hostname="ENINDSPRM060" failures="0" tests="1" name="com.ErosNow.testCases.LetsStart" time="23.353" errors="0" timestamp="2023-10-09T17:38:11 IST" skipped="0">
  <testcase classname="com.ErosNow.testCases.LetsStart" name="loginTest" time="23.353"/>
  <system-out/>
</testsuite> <!-- com.ErosNow.testCases.LetsStart -->
