<?xml version="1.0" encoding="UTF-8"?>
<!-- Generated by org.testng.reporters.JUnitReportReporter -->
<testsuite hostname="ENINDSPRM060" failures="0" tests="2" name="com.ErosNow.testCases.Login_DDT" time="35.151" errors="0" timestamp="2023-10-11T14:07:51 IST" skipped="0">
  <testcase classname="com.ErosNow.testCases.Login_DDT" name="LoginDDT" time="14.463"/>
  <system-out/>
  <testcase classname="com.ErosNow.testCases.Login_DDT" name="LoginDDT" time="20.688"/>
  <system-out/>
</testsuite> <!-- com.ErosNow.testCases.Login_DDT -->
