<?xml version="1.0" encoding="UTF-8"?>
<!-- Generated by org.testng.reporters.JUnitReportReporter -->
<testsuite hostname="ENINDSPRM060" failures="0" tests="1" name="com.ErosNow.testCases.InvalidScenarios" time="4.107" errors="0" timestamp="2023-10-17T12:51:56 IST" skipped="0">
  <testcase classname="com.ErosNow.testCases.InvalidScenarios" name="testInvalidUsername" time="4.107"/>
  <system-out/>
</testsuite> <!-- com.ErosNow.testCases.InvalidScenarios -->
