<?xml version="1.0" encoding="UTF-8"?>
<!-- Generated by org.testng.reporters.JUnitReportReporter -->
<testsuite hostname="ENINDSPRM060" failures="0" tests="2" name="com.ErosNow.testCases.Login_DDT" time="59.359" errors="0" timestamp="2023-10-09T17:38:11 IST" skipped="0">
  <testcase classname="com.ErosNow.testCases.Login_DDT" name="LoginDDT" time="25.060"/>
  <system-out/>
  <testcase classname="com.ErosNow.testCases.Login_DDT" name="LoginDDT" time="34.299"/>
  <system-out/>
</testsuite> <!-- com.ErosNow.testCases.Login_DDT -->
